<?xml version="1.0" encoding="UTF-8"?>
<!-- Generated by org.testng.reporters.JUnitXMLReporter -->
<testsuite ignored="1" hostname="DESKTOP-9HB5M8C" failures="0" tests="2" name="Test" time="54.703" errors="0" timestamp="16 Feb 2022 05:00:41 GMT">
  <testcase classname="com.sita.testcases.deligation_of_amenities_to_BO" name="loginFHE_and_assigning_amenities_to_branches" time="13.721"/>
  <testcase classname="com.sita.testcases.deligation_of_amenities_to_BO" name="login_as_Z_Mumbai_andZ_Puri_accepting_all_requested_amenities" time="32.954"/>
  <testcase classname="com.sita.testcases.deligation_of_amenities_to_BO" name="login_as_supervisor_and_assigning_fhe" time="0.0">
    <ignored/>
  </testcase> <!-- login_as_supervisor_and_assigning_fhe -->
</testsuite> <!-- Test -->
