<?xml version="1.0" encoding="UTF-8"?>
<!-- Generated by org.testng.reporters.JUnitXMLReporter -->
<testsuite ignored="0" hostname="DESKTOP-9HB5M8C" failures="0" tests="3" name="Test" time="127.763" errors="0" timestamp="25 Feb 2022 07:15:45 GMT">
  <testcase classname="com.sita.testcases.deligation_of_amenities_to_BO" name="supervisor_login_and_assigning_fhe" time="24.684"/>
  <testcase classname="com.sita.testcases.deligation_of_amenities_to_BO" name="fhe_distribution" time="39.03"/>
  <testcase classname="com.sita.testcases.deligation_of_amenities_to_BO" name="Bo_amenities_list" time="49.187"/>
</testsuite> <!-- Test -->
