<?xml version="1.0" encoding="UTF-8"?>
<!-- Generated by org.testng.reporters.JUnitXMLReporter -->
<testsuite ignored="0" hostname="DESKTOP-9HB5M8C" failures="1" tests="11" name="Test" time="48.244" errors="0" timestamp="12 Oct 2021 05:28:51 GMT">
  <testcase classname="com.sita.testcases.LoginSitaandAssingtoFhe" name="loginApp" time="1.397"/>
  <testcase classname="com.sita.testcases.LoginSitaandAssingtoFhe" name="navigate_to_homepage_click_on_ArrowButton" time="9.362"/>
  <testcase classname="com.sita.testcases.LoginSitaandAssingtoFhe" name="ConfirmButton" time="3.879"/>
  <testcase classname="com.sita.testcases.LoginSitaandAssingtoFhe" name="AssigntoFHE" time="2.948"/>
  <testcase classname="com.sita.testcases.LoginSitaandAssingtoFhe" name="Click_on_BackButton" time="0.632"/>
  <testcase classname="com.sita.testcases.LoginSitaandAssingtoFhe" name="Logout" time="3.168"/>
  <testcase classname="com.sita.testcases.LoginSitaandAssingtoFhe" name="loginFHE" time="0.839"/>
  <testcase classname="com.sita.testcases.LoginSitaandAssingtoFhe" name="ArrowButtonofFHE" time="4.406"/>
  <testcase classname="com.sita.testcases.LoginSitaandAssingtoFhe" name="BookingCentre" time="2.987"/>
  <testcase classname="com.sita.testcases.LoginSitaandAssingtoFhe" name="City" time="2.018"/>
  <testcase classname="com.sita.testcases.LoginSitaandAssingtoFhe" name="deligation" time="1.211">
    <failure type="org.openqa.selenium.ElementClickInterceptedException" message="element click intercepted: Element &amp;lt;button type=&amp;quot;button&amp;quot; class=&amp;quot;ant-btn booking-center-card-action book-btn&amp;quot;&amp;gt;...&amp;lt;/button&amp;gt; is not clickable at point (1021, 18). Other element would receive the click: &amp;lt;div class=&amp;quot;ant-col booking-navbar-right ant-col-xs-12 ant-col-xl-7&amp;quot;&amp;gt;...&amp;lt;/div&amp;gt;
  (Session info: chrome=93.0.4577.82)
Build info: version: &amp;apos;3.141.59&amp;apos;, revision: &amp;apos;e82be7d358&amp;apos;, time: &amp;apos;2018-11-14T08:17:03&amp;apos;
System info: host: &amp;apos;DESKTOP-9HB5M8C&amp;apos;, ip: &amp;apos;192.168.0.3&amp;apos;, os.name: &amp;apos;Windows 10&amp;apos;, os.arch: &amp;apos;amd64&amp;apos;, os.version: &amp;apos;10.0&amp;apos;, java.version: &amp;apos;16.0.1&amp;apos;
Driver info: org.openqa.selenium.chrome.ChromeDriver
Capabilities {acceptInsecureCerts: false, browserName: chrome, browserVersion: 93.0.4577.82, chrome: {chromedriverVersion: 92.0.4515.107 (87a818b10553..., userDataDir: C:\Users\Ritu\AppData\Local...}, goog:chromeOptions: {debuggerAddress: localhost:2843}, javascriptEnabled: true, networkConnectionEnabled: false, pageLoadStrategy: normal, platform: WINDOWS, platformName: WINDOWS, proxy: Proxy(), setWindowRect: true, strictFileInteractability: false, timeouts: {implicit: 0, pageLoad: 300000, script: 30000}, unhandledPromptBehavior: dismiss and notify, webauthn:extension:credBlob: true, webauthn:extension:largeBlob: true, webauthn:virtualAuthenticators: true}
Session ID: 9a564d10e55dc87a7cf935ee1eed1821">
      <![CDATA[org.openqa.selenium.ElementClickInterceptedException: element click intercepted: Element <button type="button" class="ant-btn booking-center-card-action book-btn">...</button> is not clickable at point (1021, 18). Other element would receive the click: <div class="ant-col booking-navbar-right ant-col-xs-12 ant-col-xl-7">...</div>
  (Session info: chrome=93.0.4577.82)
Build info: version: '3.141.59', revision: 'e82be7d358', time: '2018-11-14T08:17:03'
System info: host: 'DESKTOP-9HB5M8C', ip: '192.168.0.3', os.name: 'Windows 10', os.arch: 'amd64', os.version: '10.0', java.version: '16.0.1'
Driver info: org.openqa.selenium.chrome.ChromeDriver
Capabilities {acceptInsecureCerts: false, browserName: chrome, browserVersion: 93.0.4577.82, chrome: {chromedriverVersion: 92.0.4515.107 (87a818b10553..., userDataDir: C:\Users\Ritu\AppData\Local...}, goog:chromeOptions: {debuggerAddress: localhost:2843}, javascriptEnabled: true, networkConnectionEnabled: false, pageLoadStrategy: normal, platform: WINDOWS, platformName: WINDOWS, proxy: Proxy(), setWindowRect: true, strictFileInteractability: false, timeouts: {implicit: 0, pageLoad: 300000, script: 30000}, unhandledPromptBehavior: dismiss and notify, webauthn:extension:credBlob: true, webauthn:extension:largeBlob: true, webauthn:virtualAuthenticators: true}
Session ID: 9a564d10e55dc87a7cf935ee1eed1821
	at org.openqa.selenium.remote.http.W3CHttpResponseCodec.createException(W3CHttpResponseCodec.java:187)
	at org.openqa.selenium.remote.http.W3CHttpResponseCodec.decode(W3CHttpResponseCodec.java:122)
	at org.openqa.selenium.remote.http.W3CHttpResponseCodec.decode(W3CHttpResponseCodec.java:49)
	at org.openqa.selenium.remote.HttpCommandExecutor.execute(HttpCommandExecutor.java:158)
	at org.openqa.selenium.remote.service.DriverCommandExecutor.execute(DriverCommandExecutor.java:83)
	at org.openqa.selenium.remote.RemoteWebDriver.execute(RemoteWebDriver.java:552)
	at org.openqa.selenium.remote.RemoteWebElement.execute(RemoteWebElement.java:285)
	at org.openqa.selenium.remote.RemoteWebElement.click(RemoteWebElement.java:84)
	at com.sita.testcases.LoginSitaandAssingtoFhe.deligation(LoginSitaandAssingtoFhe.java:125)
... Removed 30 stack frames]]>
    </failure>
  </testcase> <!-- deligation -->
</testsuite> <!-- Test -->
