<?xml version="1.0" encoding="UTF-8"?>
<testng-results ignored="0" total="2" passed="2" failed="0" skipped="0">
  <reporter-output>
    <line>
      <![CDATA[Setting up reports and Test is getting Ready]]>
    </line>
    <line>
      <![CDATA[Setting Done- Test Will start now]]>
    </line>
    <line>
      <![CDATA[Trying to start Browser and Getting application ready]]>
    </line>
    <line>
      <![CDATA[Browser and Application is up and running]]>
    </line>
    <line>
      <![CDATA[Test is about to end]]>
    </line>
    <line>
      <![CDATA[Test Completed >>> Reports Generated]]>
    </line>
    <line>
      <![CDATA[Test is about to end]]>
    </line>
    <line>
      <![CDATA[Test Completed >>> Reports Generated]]>
    </line>
  </reporter-output>
  <suite started-at="2022-02-11T07:19:21Z" name="Default suite" finished-at="2022-02-11T07:20:08Z" duration-ms="47880">
    <groups>
    </groups>
    <test started-at="2022-02-11T07:19:21Z" name="Default test" finished-at="2022-02-11T07:20:08Z" duration-ms="47880">
      <class name="com.sita.testcases.deligation_of_amenities_to_Z_Mumbai">
        <test-method is-config="true" signature="ExtentReportsetUp()[pri:0, instance:com.sita.testcases.deligation_of_amenities_to_Z_Mumbai@3abada5a]" started-at="2022-02-11T12:49:18Z" name="ExtentReportsetUp" finished-at="2022-02-11T12:49:21Z" duration-ms="2188" status="PASS">
          <reporter-output>
            <line>
              <![CDATA[Setting up reports and Test is getting Ready]]>
            </line>
            <line>
              <![CDATA[Setting Done- Test Will start now]]>
            </line>
          </reporter-output>
        </test-method> <!-- ExtentReportsetUp -->
        <test-method is-config="true" signature="openingbrowser()[pri:0, instance:com.sita.testcases.deligation_of_amenities_to_Z_Mumbai@3abada5a]" started-at="2022-02-11T12:49:21Z" name="openingbrowser" finished-at="2022-02-11T12:49:28Z" duration-ms="7858" status="PASS">
          <reporter-output>
            <line>
              <![CDATA[Trying to start Browser and Getting application ready]]>
            </line>
            <line>
              <![CDATA[Browser and Application is up and running]]>
            </line>
          </reporter-output>
        </test-method> <!-- openingbrowser -->
        <test-method signature="loginFHE_and_assigning_amenities_to_branches()[pri:3, instance:com.sita.testcases.deligation_of_amenities_to_Z_Mumbai@3abada5a]" started-at="2022-02-11T12:49:28Z" name="loginFHE_and_assigning_amenities_to_branches" finished-at="2022-02-11T12:49:51Z" duration-ms="22051" status="PASS">
          <reporter-output>
          </reporter-output>
        </test-method> <!-- loginFHE_and_assigning_amenities_to_branches -->
        <test-method is-config="true" signature="Screenshot(org.testng.ITestResult)[pri:0, instance:com.sita.testcases.deligation_of_amenities_to_Z_Mumbai@3abada5a]" started-at="2022-02-11T12:49:51Z" name="Screenshot" finished-at="2022-02-11T12:49:51Z" duration-ms="9" status="PASS">
          <params>
            <param index="0">
              <value>
                <![CDATA[[TestResult name=loginFHE_and_assigning_amenities_to_branches status=SUCCESS method=deligation_of_amenities_to_Z_Mumbai.loginFHE_and_assigning_amenities_to_branches()[pri:3, instance:com.sita.testcases.deligation_of_amenities_to_Z_Mumbai@3abada5a] output={null}]]]>
              </value>
            </param>
          </params>
          <reporter-output>
            <line>
              <![CDATA[Test is about to end]]>
            </line>
            <line>
              <![CDATA[Test Completed >>> Reports Generated]]>
            </line>
          </reporter-output>
        </test-method> <!-- Screenshot -->
        <test-method signature="login_as_Z_Mumbai_accepting_all_requested_amenities()[pri:4, instance:com.sita.testcases.deligation_of_amenities_to_Z_Mumbai@3abada5a]" started-at="2022-02-11T12:49:51Z" name="login_as_Z_Mumbai_accepting_all_requested_amenities" finished-at="2022-02-11T12:50:08Z" duration-ms="17154" status="PASS">
          <reporter-output>
          </reporter-output>
        </test-method> <!-- login_as_Z_Mumbai_accepting_all_requested_amenities -->
        <test-method is-config="true" signature="Screenshot(org.testng.ITestResult)[pri:0, instance:com.sita.testcases.deligation_of_amenities_to_Z_Mumbai@3abada5a]" started-at="2022-02-11T12:50:08Z" name="Screenshot" finished-at="2022-02-11T12:50:08Z" duration-ms="1" status="PASS">
          <params>
            <param index="0">
              <value>
                <![CDATA[[TestResult name=login_as_Z_Mumbai_accepting_all_requested_amenities status=SUCCESS method=deligation_of_amenities_to_Z_Mumbai.login_as_Z_Mumbai_accepting_all_requested_amenities()[pri:4, instance:com.sita.testcases.deligation_of_amenities_to_Z_Mumbai@3abada5a] output={null}]]]>
              </value>
            </param>
          </params>
          <reporter-output>
            <line>
              <![CDATA[Test is about to end]]>
            </line>
            <line>
              <![CDATA[Test Completed >>> Reports Generated]]>
            </line>
          </reporter-output>
        </test-method> <!-- Screenshot -->
        <test-method is-config="true" signature="closeBrowser()[pri:0, instance:com.sita.testcases.deligation_of_amenities_to_Z_Mumbai@3abada5a]" started-at="2022-02-11T12:50:08Z" name="closeBrowser" finished-at="2022-02-11T12:50:08Z" duration-ms="753" status="PASS">
          <reporter-output>
          </reporter-output>
        </test-method> <!-- closeBrowser -->
      </class> <!-- com.sita.testcases.deligation_of_amenities_to_Z_Mumbai -->
    </test> <!-- Default test -->
  </suite> <!-- Default suite -->
</testng-results>
