<?xml version="1.0" encoding="UTF-8"?>
<testng-results ignored="0" total="1" passed="1" failed="0" skipped="0">
  <reporter-output>
    <line>
      <![CDATA[Setting up reports and Test is getting Ready]]>
    </line>
    <line>
      <![CDATA[Setting Done- Test Will start now]]>
    </line>
    <line>
      <![CDATA[Trying to start Browser and Getting application ready]]>
    </line>
    <line>
      <![CDATA[Browser and Application is up and running]]>
    </line>
    <line>
      <![CDATA[Test is about to end]]>
    </line>
    <line>
      <![CDATA[Test Completed >>> Reports Generated]]>
    </line>
  </reporter-output>
  <suite started-at="2022-03-03T10:20:08Z" name="Default suite" finished-at="2022-03-03T10:20:51Z" duration-ms="43198">
    <groups>
    </groups>
    <test started-at="2022-03-03T10:20:08Z" name="Default test" finished-at="2022-03-03T10:20:51Z" duration-ms="43198">
      <class name="com.sita.testcases.Hotel">
        <test-method is-config="true" signature="ExtentReportsetUp()[pri:0, instance:com.sita.testcases.Hotel@5f9be66c]" started-at="2022-03-03T15:50:06Z" name="ExtentReportsetUp" finished-at="2022-03-03T15:50:08Z" duration-ms="1866" status="PASS">
          <reporter-output>
            <line>
              <![CDATA[Setting up reports and Test is getting Ready]]>
            </line>
            <line>
              <![CDATA[Setting Done- Test Will start now]]>
            </line>
          </reporter-output>
        </test-method> <!-- ExtentReportsetUp -->
        <test-method is-config="true" signature="openingbrowser()[pri:0, instance:com.sita.testcases.Hotel@5f9be66c]" started-at="2022-03-03T15:50:08Z" name="openingbrowser" finished-at="2022-03-03T15:50:16Z" duration-ms="7276" status="PASS">
          <reporter-output>
            <line>
              <![CDATA[Trying to start Browser and Getting application ready]]>
            </line>
            <line>
              <![CDATA[Browser and Application is up and running]]>
            </line>
          </reporter-output>
        </test-method> <!-- openingbrowser -->
        <test-method signature="Loging_to_mail()[pri:3, instance:com.sita.testcases.Hotel@5f9be66c]" started-at="2022-03-03T15:50:16Z" name="Loging_to_mail" finished-at="2022-03-03T15:50:50Z" duration-ms="34619" status="PASS">
          <reporter-output>
          </reporter-output>
        </test-method> <!-- Loging_to_mail -->
        <test-method is-config="true" signature="Screenshot(org.testng.ITestResult)[pri:0, instance:com.sita.testcases.Hotel@5f9be66c]" started-at="2022-03-03T15:50:50Z" name="Screenshot" finished-at="2022-03-03T15:50:51Z" duration-ms="726" status="PASS">
          <params>
            <param index="0">
              <value>
                <![CDATA[[TestResult name=Loging_to_mail status=SUCCESS method=Hotel.Loging_to_mail()[pri:3, instance:com.sita.testcases.Hotel@5f9be66c] output={null}]]]>
              </value>
            </param>
          </params>
          <reporter-output>
            <line>
              <![CDATA[Test is about to end]]>
            </line>
            <line>
              <![CDATA[Test Completed >>> Reports Generated]]>
            </line>
          </reporter-output>
        </test-method> <!-- Screenshot -->
        <test-method is-config="true" signature="closeBrowser()[pri:0, instance:com.sita.testcases.Hotel@5f9be66c]" started-at="2022-03-03T15:50:51Z" name="closeBrowser" finished-at="2022-03-03T15:50:51Z" duration-ms="539" status="PASS">
          <reporter-output>
          </reporter-output>
        </test-method> <!-- closeBrowser -->
      </class> <!-- com.sita.testcases.Hotel -->
    </test> <!-- Default test -->
  </suite> <!-- Default suite -->
</testng-results>
