<?xml version="1.0" encoding="UTF-8"?>
<testng-results ignored="0" total="6" passed="6" failed="0" skipped="0">
  <reporter-output>
  </reporter-output>
  <suite started-at="2022-01-11T13:50:40Z" name="Default suite" finished-at="2022-01-11T13:52:27Z" duration-ms="107062">
    <groups>
    </groups>
    <test started-at="2022-01-11T13:50:40Z" name="Default test" finished-at="2022-01-11T13:52:27Z" duration-ms="107062">
      <class name="com.sita.testcases.Create_fhes">
        <test-method is-config="true" signature="setupTest()[pri:0, instance:com.sita.testcases.Create_fhes@6f19ac19]" started-at="2022-01-11T19:20:40Z" name="setupTest" finished-at="2022-01-11T19:20:54Z" duration-ms="14242" status="PASS">
          <reporter-output>
          </reporter-output>
        </test-method> <!-- setupTest -->
        <test-method signature="customer_details(java.lang.String, java.lang.String, java.lang.String, java.lang.String)[pri:1, instance:com.sita.testcases.Create_fhes@6f19ac19]" started-at="2022-01-11T19:20:56Z" name="customer_details" data-provider="Create_user_FHE" finished-at="2022-01-11T19:21:11Z" duration-ms="15380" status="PASS">
          <params>
            <param index="0">
              <value>
                <![CDATA[rajaKA]]>
              </value>
            </param>
            <param index="1">
              <value>
                <![CDATA[EMP61500]]>
              </value>
            </param>
            <param index="2">
              <value>
                <![CDATA[rajak1@gmail.com]]>
              </value>
            </param>
            <param index="3">
              <value>
                <![CDATA[919576543995]]>
              </value>
            </param>
          </params>
          <reporter-output>
          </reporter-output>
        </test-method> <!-- customer_details -->
        <test-method signature="customer_details(java.lang.String, java.lang.String, java.lang.String, java.lang.String)[pri:1, instance:com.sita.testcases.Create_fhes@6f19ac19]" started-at="2022-01-11T19:21:11Z" name="customer_details" data-provider="Create_user_FHE" finished-at="2022-01-11T19:21:25Z" duration-ms="13834" status="PASS">
          <params>
            <param index="0">
              <value>
                <![CDATA[AnnuKA]]>
              </value>
            </param>
            <param index="1">
              <value>
                <![CDATA[EMP61501]]>
              </value>
            </param>
            <param index="2">
              <value>
                <![CDATA[rahulk1@gmail.com]]>
              </value>
            </param>
            <param index="3">
              <value>
                <![CDATA[919476543996]]>
              </value>
            </param>
          </params>
          <reporter-output>
          </reporter-output>
        </test-method> <!-- customer_details -->
        <test-method signature="customer_details(java.lang.String, java.lang.String, java.lang.String, java.lang.String)[pri:1, instance:com.sita.testcases.Create_fhes@6f19ac19]" started-at="2022-01-11T19:21:25Z" name="customer_details" data-provider="Create_user_FHE" finished-at="2022-01-11T19:21:39Z" duration-ms="13891" status="PASS">
          <params>
            <param index="0">
              <value>
                <![CDATA[deepakKA]]>
              </value>
            </param>
            <param index="1">
              <value>
                <![CDATA[EMP61502]]>
              </value>
            </param>
            <param index="2">
              <value>
                <![CDATA[deepakk1@gmail.com]]>
              </value>
            </param>
            <param index="3">
              <value>
                <![CDATA[919376543997]]>
              </value>
            </param>
          </params>
          <reporter-output>
          </reporter-output>
        </test-method> <!-- customer_details -->
        <test-method signature="customer_details(java.lang.String, java.lang.String, java.lang.String, java.lang.String)[pri:1, instance:com.sita.testcases.Create_fhes@6f19ac19]" started-at="2022-01-11T19:21:39Z" name="customer_details" data-provider="Create_user_FHE" finished-at="2022-01-11T19:21:53Z" duration-ms="13652" status="PASS">
          <params>
            <param index="0">
              <value>
                <![CDATA[vireshKA]]>
              </value>
            </param>
            <param index="1">
              <value>
                <![CDATA[EMP61503]]>
              </value>
            </param>
            <param index="2">
              <value>
                <![CDATA[vireshk1@gmail.com]]>
              </value>
            </param>
            <param index="3">
              <value>
                <![CDATA[919276543998]]>
              </value>
            </param>
          </params>
          <reporter-output>
          </reporter-output>
        </test-method> <!-- customer_details -->
        <test-method signature="customer_details(java.lang.String, java.lang.String, java.lang.String, java.lang.String)[pri:1, instance:com.sita.testcases.Create_fhes@6f19ac19]" started-at="2022-01-11T19:21:53Z" name="customer_details" data-provider="Create_user_FHE" finished-at="2022-01-11T19:22:07Z" duration-ms="13923" status="PASS">
          <params>
            <param index="0">
              <value>
                <![CDATA[annuKA]]>
              </value>
            </param>
            <param index="1">
              <value>
                <![CDATA[EMP61504]]>
              </value>
            </param>
            <param index="2">
              <value>
                <![CDATA[annuk1@gmail.com]]>
              </value>
            </param>
            <param index="3">
              <value>
                <![CDATA[919176543999]]>
              </value>
            </param>
          </params>
          <reporter-output>
          </reporter-output>
        </test-method> <!-- customer_details -->
        <test-method signature="Login_FHE()[pri:2, instance:com.sita.testcases.Create_fhes@6f19ac19]" started-at="2022-01-11T19:22:07Z" name="Login_FHE" finished-at="2022-01-11T19:22:27Z" duration-ms="20104" status="PASS">
          <reporter-output>
          </reporter-output>
        </test-method> <!-- Login_FHE -->
        <test-method is-config="true" signature="Closing_browser()[pri:0, instance:com.sita.testcases.Create_fhes@6f19ac19]" started-at="2022-01-11T19:22:27Z" name="Closing_browser" finished-at="2022-01-11T19:22:27Z" duration-ms="185" status="PASS">
          <reporter-output>
          </reporter-output>
        </test-method> <!-- Closing_browser -->
      </class> <!-- com.sita.testcases.Create_fhes -->
    </test> <!-- Default test -->
  </suite> <!-- Default suite -->
</testng-results>
