<?xml version="1.0" encoding="UTF-8"?>
<testng-results ignored="0" total="3" passed="3" failed="0" skipped="0">
  <reporter-output>
    <line>
      <![CDATA[Setting up reports and Test is getting Ready]]>
    </line>
    <line>
      <![CDATA[Setting Done- Test Will start now]]>
    </line>
    <line>
      <![CDATA[Trying to start Browser and Getting application ready]]>
    </line>
    <line>
      <![CDATA[Browser and Application is up and running]]>
    </line>
    <line>
      <![CDATA[Test is about to end]]>
    </line>
    <line>
      <![CDATA[Test Completed >>> Reports Generated]]>
    </line>
    <line>
      <![CDATA[Test is about to end]]>
    </line>
    <line>
      <![CDATA[Test Completed >>> Reports Generated]]>
    </line>
    <line>
      <![CDATA[Test is about to end]]>
    </line>
    <line>
      <![CDATA[Test Completed >>> Reports Generated]]>
    </line>
  </reporter-output>
  <suite started-at="2021-12-14T06:12:35Z" name="Default suite" finished-at="2021-12-14T06:13:28Z" duration-ms="52831">
    <groups>
    </groups>
    <test started-at="2021-12-14T06:12:35Z" name="Default test" finished-at="2021-12-14T06:13:28Z" duration-ms="52831">
      <class name="com.sita.testcases.Assign_fhe_to_A0_B0">
        <test-method is-config="true" signature="ExtentReportsetUp()[pri:0, instance:com.sita.testcases.Assign_fhe_to_A0_B0@3d246ea3]" started-at="2021-12-14T11:42:34Z" name="ExtentReportsetUp" finished-at="2021-12-14T11:42:35Z" duration-ms="1521" status="PASS">
          <reporter-output>
            <line>
              <![CDATA[Setting up reports and Test is getting Ready]]>
            </line>
            <line>
              <![CDATA[Setting Done- Test Will start now]]>
            </line>
          </reporter-output>
        </test-method> <!-- ExtentReportsetUp -->
        <test-method is-config="true" signature="openingbrowser()[pri:0, instance:com.sita.testcases.Assign_fhe_to_A0_B0@3d246ea3]" started-at="2021-12-14T11:42:35Z" name="openingbrowser" finished-at="2021-12-14T11:42:50Z" duration-ms="14446" status="PASS">
          <reporter-output>
            <line>
              <![CDATA[Trying to start Browser and Getting application ready]]>
            </line>
            <line>
              <![CDATA[Browser and Application is up and running]]>
            </line>
          </reporter-output>
        </test-method> <!-- openingbrowser -->
        <test-method signature="loginApp()[pri:1, instance:com.sita.testcases.Assign_fhe_to_A0_B0@3d246ea3]" started-at="2021-12-14T11:42:50Z" name="loginApp" finished-at="2021-12-14T11:42:51Z" duration-ms="1103" status="PASS">
          <reporter-output>
          </reporter-output>
        </test-method> <!-- loginApp -->
        <test-method is-config="true" signature="Screenshot(org.testng.ITestResult)[pri:0, instance:com.sita.testcases.Assign_fhe_to_A0_B0@3d246ea3]" started-at="2021-12-14T11:42:51Z" name="Screenshot" finished-at="2021-12-14T11:42:52Z" duration-ms="1010" status="PASS">
          <params>
            <param index="0">
              <value>
                <![CDATA[[TestResult name=loginApp status=SUCCESS method=Assign_fhe_to_A0_B0.loginApp()[pri:1, instance:com.sita.testcases.Assign_fhe_to_A0_B0@3d246ea3] output={null}]]]>
              </value>
            </param>
          </params>
          <reporter-output>
            <line>
              <![CDATA[Test is about to end]]>
            </line>
            <line>
              <![CDATA[Test Completed >>> Reports Generated]]>
            </line>
          </reporter-output>
        </test-method> <!-- Screenshot -->
        <test-method signature="navigate_to_homepage_click_on_ArrowButton()[pri:2, instance:com.sita.testcases.Assign_fhe_to_A0_B0@3d246ea3]" started-at="2021-12-14T11:42:52Z" name="navigate_to_homepage_click_on_ArrowButton" finished-at="2021-12-14T11:43:13Z" duration-ms="20755" status="PASS">
          <reporter-output>
          </reporter-output>
        </test-method> <!-- navigate_to_homepage_click_on_ArrowButton -->
        <test-method is-config="true" signature="Screenshot(org.testng.ITestResult)[pri:0, instance:com.sita.testcases.Assign_fhe_to_A0_B0@3d246ea3]" started-at="2021-12-14T11:43:13Z" name="Screenshot" finished-at="2021-12-14T11:43:13Z" duration-ms="309" status="PASS">
          <params>
            <param index="0">
              <value>
                <![CDATA[[TestResult name=navigate_to_homepage_click_on_ArrowButton status=SUCCESS method=Assign_fhe_to_A0_B0.navigate_to_homepage_click_on_ArrowButton()[pri:2, instance:com.sita.testcases.Assign_fhe_to_A0_B0@3d246ea3] output={null}]]]>
              </value>
            </param>
          </params>
          <reporter-output>
            <line>
              <![CDATA[Test is about to end]]>
            </line>
            <line>
              <![CDATA[Test Completed >>> Reports Generated]]>
            </line>
          </reporter-output>
        </test-method> <!-- Screenshot -->
        <test-method signature="loginFHE()[pri:6, instance:com.sita.testcases.Assign_fhe_to_A0_B0@3d246ea3]" started-at="2021-12-14T11:43:13Z" name="loginFHE" finished-at="2021-12-14T11:43:27Z" duration-ms="14120" status="PASS">
          <reporter-output>
          </reporter-output>
        </test-method> <!-- loginFHE -->
        <test-method is-config="true" signature="Screenshot(org.testng.ITestResult)[pri:0, instance:com.sita.testcases.Assign_fhe_to_A0_B0@3d246ea3]" started-at="2021-12-14T11:43:27Z" name="Screenshot" finished-at="2021-12-14T11:43:28Z" duration-ms="342" status="PASS">
          <params>
            <param index="0">
              <value>
                <![CDATA[[TestResult name=loginFHE status=SUCCESS method=Assign_fhe_to_A0_B0.loginFHE()[pri:6, instance:com.sita.testcases.Assign_fhe_to_A0_B0@3d246ea3] output={null}]]]>
              </value>
            </param>
          </params>
          <reporter-output>
            <line>
              <![CDATA[Test is about to end]]>
            </line>
            <line>
              <![CDATA[Test Completed >>> Reports Generated]]>
            </line>
          </reporter-output>
        </test-method> <!-- Screenshot -->
        <test-method is-config="true" signature="closeBrowser()[pri:0, instance:com.sita.testcases.Assign_fhe_to_A0_B0@3d246ea3]" started-at="2021-12-14T11:43:28Z" name="closeBrowser" finished-at="2021-12-14T11:43:28Z" duration-ms="701" status="PASS">
          <reporter-output>
          </reporter-output>
        </test-method> <!-- closeBrowser -->
      </class> <!-- com.sita.testcases.Assign_fhe_to_A0_B0 -->
    </test> <!-- Default test -->
  </suite> <!-- Default suite -->
</testng-results>
