<?xml version="1.0" encoding="UTF-8"?>
<testng-results ignored="0" total="3" passed="3" failed="0" skipped="0">
  <reporter-output>
    <line>
      <![CDATA[Setting up reports and Test is getting Ready]]>
    </line>
    <line>
      <![CDATA[Setting Done- Test Will start now]]>
    </line>
    <line>
      <![CDATA[Trying to start Browser and Getting application ready]]>
    </line>
    <line>
      <![CDATA[Browser and Application is up and running]]>
    </line>
    <line>
      <![CDATA[Test is about to end]]>
    </line>
    <line>
      <![CDATA[Test Completed >>> Reports Generated]]>
    </line>
    <line>
      <![CDATA[Test is about to end]]>
    </line>
    <line>
      <![CDATA[Test Completed >>> Reports Generated]]>
    </line>
    <line>
      <![CDATA[Test is about to end]]>
    </line>
    <line>
      <![CDATA[Test Completed >>> Reports Generated]]>
    </line>
  </reporter-output>
  <suite started-at="2021-12-13T15:07:08Z" name="Default suite" finished-at="2021-12-13T15:08:40Z" duration-ms="91656">
    <groups>
    </groups>
    <test started-at="2021-12-13T15:07:08Z" name="Default test" finished-at="2021-12-13T15:08:40Z" duration-ms="91656">
      <class name="com.sita.testcases.Create_supervisor_fhe">
        <test-method is-config="true" signature="ExtentReportsetUp()[pri:0, instance:com.sita.testcases.Create_supervisor_fhe@3d246ea3]" started-at="2021-12-13T20:37:07Z" name="ExtentReportsetUp" finished-at="2021-12-13T20:37:08Z" duration-ms="1494" status="PASS">
          <reporter-output>
            <line>
              <![CDATA[Setting up reports and Test is getting Ready]]>
            </line>
            <line>
              <![CDATA[Setting Done- Test Will start now]]>
            </line>
          </reporter-output>
        </test-method> <!-- ExtentReportsetUp -->
        <test-method is-config="true" signature="openingbrowser()[pri:0, instance:com.sita.testcases.Create_supervisor_fhe@3d246ea3]" started-at="2021-12-13T20:37:08Z" name="openingbrowser" finished-at="2021-12-13T20:37:21Z" duration-ms="13133" status="PASS">
          <reporter-output>
            <line>
              <![CDATA[Trying to start Browser and Getting application ready]]>
            </line>
            <line>
              <![CDATA[Browser and Application is up and running]]>
            </line>
          </reporter-output>
        </test-method> <!-- openingbrowser -->
        <test-method signature="loginApp()[pri:1, instance:com.sita.testcases.Create_supervisor_fhe@3d246ea3]" started-at="2021-12-13T20:37:21Z" name="loginApp" finished-at="2021-12-13T20:37:23Z" duration-ms="1540" status="PASS">
          <reporter-output>
          </reporter-output>
        </test-method> <!-- loginApp -->
        <test-method is-config="true" signature="Screenshot(org.testng.ITestResult)[pri:0, instance:com.sita.testcases.Create_supervisor_fhe@3d246ea3]" started-at="2021-12-13T20:37:23Z" name="Screenshot" finished-at="2021-12-13T20:37:24Z" duration-ms="1004" status="PASS">
          <params>
            <param index="0">
              <value>
                <![CDATA[[TestResult name=loginApp status=SUCCESS method=Create_supervisor_fhe.loginApp()[pri:1, instance:com.sita.testcases.Create_supervisor_fhe@3d246ea3] output={null}]]]>
              </value>
            </param>
          </params>
          <reporter-output>
            <line>
              <![CDATA[Test is about to end]]>
            </line>
            <line>
              <![CDATA[Test Completed >>> Reports Generated]]>
            </line>
          </reporter-output>
        </test-method> <!-- Screenshot -->
        <test-method signature="click_on_AddUsers()[pri:2, instance:com.sita.testcases.Create_supervisor_fhe@3d246ea3]" started-at="2021-12-13T20:37:24Z" name="click_on_AddUsers" finished-at="2021-12-13T20:37:37Z" duration-ms="13566" status="PASS">
          <reporter-output>
          </reporter-output>
        </test-method> <!-- click_on_AddUsers -->
        <test-method is-config="true" signature="Screenshot(org.testng.ITestResult)[pri:0, instance:com.sita.testcases.Create_supervisor_fhe@3d246ea3]" started-at="2021-12-13T20:37:37Z" name="Screenshot" finished-at="2021-12-13T20:37:37Z" duration-ms="143" status="PASS">
          <params>
            <param index="0">
              <value>
                <![CDATA[[TestResult name=click_on_AddUsers status=SUCCESS method=Create_supervisor_fhe.click_on_AddUsers()[pri:2, instance:com.sita.testcases.Create_supervisor_fhe@3d246ea3] output={null}]]]>
              </value>
            </param>
          </params>
          <reporter-output>
            <line>
              <![CDATA[Test is about to end]]>
            </line>
            <line>
              <![CDATA[Test Completed >>> Reports Generated]]>
            </line>
          </reporter-output>
        </test-method> <!-- Screenshot -->
        <test-method signature="create_fhes()[pri:3, instance:com.sita.testcases.Create_supervisor_fhe@3d246ea3]" started-at="2021-12-13T20:37:37Z" name="create_fhes" finished-at="2021-12-13T20:38:39Z" duration-ms="61509" status="PASS">
          <reporter-output>
          </reporter-output>
        </test-method> <!-- create_fhes -->
        <test-method is-config="true" signature="Screenshot(org.testng.ITestResult)[pri:0, instance:com.sita.testcases.Create_supervisor_fhe@3d246ea3]" started-at="2021-12-13T20:38:39Z" name="Screenshot" finished-at="2021-12-13T20:38:39Z" duration-ms="157" status="PASS">
          <params>
            <param index="0">
              <value>
                <![CDATA[[TestResult name=create_fhes status=SUCCESS method=Create_supervisor_fhe.create_fhes()[pri:3, instance:com.sita.testcases.Create_supervisor_fhe@3d246ea3] output={null}]]]>
              </value>
            </param>
          </params>
          <reporter-output>
            <line>
              <![CDATA[Test is about to end]]>
            </line>
            <line>
              <![CDATA[Test Completed >>> Reports Generated]]>
            </line>
          </reporter-output>
        </test-method> <!-- Screenshot -->
        <test-method is-config="true" signature="closeBrowser()[pri:0, instance:com.sita.testcases.Create_supervisor_fhe@3d246ea3]" started-at="2021-12-13T20:38:39Z" name="closeBrowser" finished-at="2021-12-13T20:38:40Z" duration-ms="549" status="PASS">
          <reporter-output>
          </reporter-output>
        </test-method> <!-- closeBrowser -->
      </class> <!-- com.sita.testcases.Create_supervisor_fhe -->
    </test> <!-- Default test -->
  </suite> <!-- Default suite -->
</testng-results>
