<?xml version="1.0" encoding="UTF-8"?>
<testng-results ignored="0" total="2" passed="2" failed="0" skipped="0">
  <reporter-output>
    <line>
      <![CDATA[Setting up reports and Test is getting Ready]]>
    </line>
    <line>
      <![CDATA[Setting Done- Test Will start now]]>
    </line>
    <line>
      <![CDATA[Trying to start Browser and Getting application ready]]>
    </line>
    <line>
      <![CDATA[Browser and Application is up and running]]>
    </line>
    <line>
      <![CDATA[Test is about to end]]>
    </line>
    <line>
      <![CDATA[Test Completed >>> Reports Generated]]>
    </line>
    <line>
      <![CDATA[Test is about to end]]>
    </line>
    <line>
      <![CDATA[Test Completed >>> Reports Generated]]>
    </line>
  </reporter-output>
  <suite started-at="2022-01-18T08:53:44Z" name="Default suite" finished-at="2022-01-18T08:54:07Z" duration-ms="22493">
    <groups>
    </groups>
    <test started-at="2022-01-18T08:53:44Z" name="Default test" finished-at="2022-01-18T08:54:07Z" duration-ms="22493">
      <class name="com.sita.testcases.Inventory_Topup">
        <test-method is-config="true" signature="ExtentReportsetUp()[pri:0, instance:com.sita.testcases.Inventory_Topup@301eda63]" started-at="2022-01-18T14:23:43Z" name="ExtentReportsetUp" finished-at="2022-01-18T14:23:44Z" duration-ms="1539" status="PASS">
          <reporter-output>
            <line>
              <![CDATA[Setting up reports and Test is getting Ready]]>
            </line>
            <line>
              <![CDATA[Setting Done- Test Will start now]]>
            </line>
          </reporter-output>
        </test-method> <!-- ExtentReportsetUp -->
        <test-method is-config="true" signature="openingbrowser()[pri:0, instance:com.sita.testcases.Inventory_Topup@301eda63]" started-at="2022-01-18T14:23:44Z" name="openingbrowser" finished-at="2022-01-18T14:23:51Z" duration-ms="6938" status="PASS">
          <reporter-output>
            <line>
              <![CDATA[Trying to start Browser and Getting application ready]]>
            </line>
            <line>
              <![CDATA[Browser and Application is up and running]]>
            </line>
          </reporter-output>
        </test-method> <!-- openingbrowser -->
        <test-method signature="loginApp()[pri:1, instance:com.sita.testcases.Inventory_Topup@301eda63]" started-at="2022-01-18T14:23:51Z" name="loginApp" finished-at="2022-01-18T14:23:53Z" duration-ms="1316" status="PASS">
          <reporter-output>
          </reporter-output>
        </test-method> <!-- loginApp -->
        <test-method is-config="true" signature="Screenshot(org.testng.ITestResult)[pri:0, instance:com.sita.testcases.Inventory_Topup@301eda63]" started-at="2022-01-18T14:23:53Z" name="Screenshot" finished-at="2022-01-18T14:23:54Z" duration-ms="866" status="PASS">
          <params>
            <param index="0">
              <value>
                <![CDATA[[TestResult name=loginApp status=SUCCESS method=Inventory_Topup.loginApp()[pri:1, instance:com.sita.testcases.Inventory_Topup@301eda63] output={null}]]]>
              </value>
            </param>
          </params>
          <reporter-output>
            <line>
              <![CDATA[Test is about to end]]>
            </line>
            <line>
              <![CDATA[Test Completed >>> Reports Generated]]>
            </line>
          </reporter-output>
        </test-method> <!-- Screenshot -->
        <test-method signature="navigate_to_homepage_click_on_Hotel_ArrowButton()[pri:2, instance:com.sita.testcases.Inventory_Topup@301eda63]" started-at="2022-01-18T14:23:54Z" name="navigate_to_homepage_click_on_Hotel_ArrowButton" finished-at="2022-01-18T14:24:06Z" duration-ms="12706" status="PASS">
          <reporter-output>
          </reporter-output>
        </test-method> <!-- navigate_to_homepage_click_on_Hotel_ArrowButton -->
        <test-method is-config="true" signature="Screenshot(org.testng.ITestResult)[pri:0, instance:com.sita.testcases.Inventory_Topup@301eda63]" started-at="2022-01-18T14:24:06Z" name="Screenshot" finished-at="2022-01-18T14:24:07Z" duration-ms="182" status="PASS">
          <params>
            <param index="0">
              <value>
                <![CDATA[[TestResult name=navigate_to_homepage_click_on_Hotel_ArrowButton status=SUCCESS method=Inventory_Topup.navigate_to_homepage_click_on_Hotel_ArrowButton()[pri:2, instance:com.sita.testcases.Inventory_Topup@301eda63] output={null}]]]>
              </value>
            </param>
          </params>
          <reporter-output>
            <line>
              <![CDATA[Test is about to end]]>
            </line>
            <line>
              <![CDATA[Test Completed >>> Reports Generated]]>
            </line>
          </reporter-output>
        </test-method> <!-- Screenshot -->
        <test-method is-config="true" signature="closeBrowser()[pri:0, instance:com.sita.testcases.Inventory_Topup@301eda63]" started-at="2022-01-18T14:24:07Z" name="closeBrowser" finished-at="2022-01-18T14:24:07Z" duration-ms="427" status="PASS">
          <reporter-output>
          </reporter-output>
        </test-method> <!-- closeBrowser -->
      </class> <!-- com.sita.testcases.Inventory_Topup -->
    </test> <!-- Default test -->
  </suite> <!-- Default suite -->
</testng-results>
