<?xml version="1.0" encoding="UTF-8"?>
<testng-results ignored="0" total="1" passed="1" failed="0" skipped="0">
  <reporter-output>
    <line>
      <![CDATA[Setting up reports and Test is getting Ready]]>
    </line>
    <line>
      <![CDATA[Setting Done- Test Will start now]]>
    </line>
    <line>
      <![CDATA[Trying to start Browser and Getting application ready]]>
    </line>
    <line>
      <![CDATA[Browser and Application is up and running]]>
    </line>
    <line>
      <![CDATA[Test is about to end]]>
    </line>
    <line>
      <![CDATA[Test Completed >>> Reports Generated]]>
    </line>
  </reporter-output>
  <suite started-at="2022-02-23T12:00:36Z" name="Default suite" finished-at="2022-02-23T12:01:01Z" duration-ms="24933">
    <groups>
    </groups>
    <test started-at="2022-02-23T12:00:36Z" name="Default test" finished-at="2022-02-23T12:01:01Z" duration-ms="24933">
      <class name="com.sita.testcases.deligation_of_amenities_to_BO">
        <test-method is-config="true" signature="ExtentReportsetUp()[pri:0, instance:com.sita.testcases.deligation_of_amenities_to_BO@5f9be66c]" started-at="2022-02-23T17:30:34Z" name="ExtentReportsetUp" finished-at="2022-02-23T17:30:36Z" duration-ms="1798" status="PASS">
          <reporter-output>
            <line>
              <![CDATA[Setting up reports and Test is getting Ready]]>
            </line>
            <line>
              <![CDATA[Setting Done- Test Will start now]]>
            </line>
          </reporter-output>
        </test-method> <!-- ExtentReportsetUp -->
        <test-method is-config="true" signature="openingbrowser()[pri:0, instance:com.sita.testcases.deligation_of_amenities_to_BO@5f9be66c]" started-at="2022-02-23T17:30:36Z" name="openingbrowser" finished-at="2022-02-23T17:30:43Z" duration-ms="6636" status="PASS">
          <reporter-output>
            <line>
              <![CDATA[Trying to start Browser and Getting application ready]]>
            </line>
            <line>
              <![CDATA[Browser and Application is up and running]]>
            </line>
          </reporter-output>
        </test-method> <!-- openingbrowser -->
        <test-method signature="Bo_amenities_list()[pri:3, instance:com.sita.testcases.deligation_of_amenities_to_BO@5f9be66c]" started-at="2022-02-23T17:30:43Z" name="Bo_amenities_list" finished-at="2022-02-23T17:30:59Z" duration-ms="16628" status="PASS">
          <reporter-output>
          </reporter-output>
        </test-method> <!-- Bo_amenities_list -->
        <test-method is-config="true" signature="Screenshot(org.testng.ITestResult)[pri:0, instance:com.sita.testcases.deligation_of_amenities_to_BO@5f9be66c]" started-at="2022-02-23T17:30:59Z" name="Screenshot" finished-at="2022-02-23T17:31:00Z" duration-ms="810" status="PASS">
          <params>
            <param index="0">
              <value>
                <![CDATA[[TestResult name=Bo_amenities_list status=SUCCESS method=deligation_of_amenities_to_BO.Bo_amenities_list()[pri:3, instance:com.sita.testcases.deligation_of_amenities_to_BO@5f9be66c] output={null}]]]>
              </value>
            </param>
          </params>
          <reporter-output>
            <line>
              <![CDATA[Test is about to end]]>
            </line>
            <line>
              <![CDATA[Test Completed >>> Reports Generated]]>
            </line>
          </reporter-output>
        </test-method> <!-- Screenshot -->
        <test-method is-config="true" signature="closeBrowser()[pri:0, instance:com.sita.testcases.deligation_of_amenities_to_BO@5f9be66c]" started-at="2022-02-23T17:31:00Z" name="closeBrowser" finished-at="2022-02-23T17:31:01Z" duration-ms="819" status="PASS">
          <reporter-output>
          </reporter-output>
        </test-method> <!-- closeBrowser -->
      </class> <!-- com.sita.testcases.deligation_of_amenities_to_BO -->
    </test> <!-- Default test -->
  </suite> <!-- Default suite -->
</testng-results>
