<?xml version="1.0" encoding="UTF-8"?>
<testng-results ignored="1" total="3" passed="2" failed="0" skipped="0">
  <reporter-output>
    <line>
      <![CDATA[Setting up reports and Test is getting Ready]]>
    </line>
    <line>
      <![CDATA[Setting Done- Test Will start now]]>
    </line>
    <line>
      <![CDATA[Trying to start Browser and Getting application ready]]>
    </line>
    <line>
      <![CDATA[Browser and Application is up and running]]>
    </line>
    <line>
      <![CDATA[Test is about to end]]>
    </line>
    <line>
      <![CDATA[Test Completed >>> Reports Generated]]>
    </line>
    <line>
      <![CDATA[Test is about to end]]>
    </line>
    <line>
      <![CDATA[Test Completed >>> Reports Generated]]>
    </line>
  </reporter-output>
  <suite started-at="2022-02-16T04:59:46Z" name="Suite" finished-at="2022-02-16T05:00:41Z" duration-ms="54703">
    <groups>
    </groups>
    <test started-at="2022-02-16T04:59:46Z" name="Test" finished-at="2022-02-16T05:00:41Z" duration-ms="54703">
      <class name="com.sita.testcases.deligation_of_amenities_to_BO">
        <test-method is-config="true" signature="ExtentReportsetUp()[pri:0, instance:com.sita.testcases.deligation_of_amenities_to_BO@7a1a14a4]" started-at="2022-02-16T10:29:44Z" name="ExtentReportsetUp" finished-at="2022-02-16T10:29:46Z" duration-ms="1956" status="PASS">
          <reporter-output>
            <line>
              <![CDATA[Setting up reports and Test is getting Ready]]>
            </line>
            <line>
              <![CDATA[Setting Done- Test Will start now]]>
            </line>
          </reporter-output>
        </test-method> <!-- ExtentReportsetUp -->
        <test-method is-config="true" signature="openingbrowser()[pri:0, instance:com.sita.testcases.deligation_of_amenities_to_BO@7a1a14a4]" started-at="2022-02-16T10:29:46Z" name="openingbrowser" finished-at="2022-02-16T10:29:53Z" duration-ms="7229" status="PASS">
          <reporter-output>
            <line>
              <![CDATA[Trying to start Browser and Getting application ready]]>
            </line>
            <line>
              <![CDATA[Browser and Application is up and running]]>
            </line>
          </reporter-output>
        </test-method> <!-- openingbrowser -->
        <test-method signature="loginFHE_and_assigning_amenities_to_branches()[pri:2, instance:com.sita.testcases.deligation_of_amenities_to_BO@7a1a14a4]" started-at="2022-02-16T10:29:53Z" name="loginFHE_and_assigning_amenities_to_branches" finished-at="2022-02-16T10:30:07Z" duration-ms="13721" status="PASS">
          <reporter-output>
          </reporter-output>
        </test-method> <!-- loginFHE_and_assigning_amenities_to_branches -->
        <test-method is-config="true" signature="Screenshot(org.testng.ITestResult)[pri:0, instance:com.sita.testcases.deligation_of_amenities_to_BO@7a1a14a4]" started-at="2022-02-16T10:30:07Z" name="Screenshot" finished-at="2022-02-16T10:30:07Z" duration-ms="8" status="PASS">
          <params>
            <param index="0">
              <value>
                <![CDATA[[TestResult name=loginFHE_and_assigning_amenities_to_branches status=SUCCESS method=deligation_of_amenities_to_BO.loginFHE_and_assigning_amenities_to_branches()[pri:2, instance:com.sita.testcases.deligation_of_amenities_to_BO@7a1a14a4] output={null}]]]>
              </value>
            </param>
          </params>
          <reporter-output>
            <line>
              <![CDATA[Test is about to end]]>
            </line>
            <line>
              <![CDATA[Test Completed >>> Reports Generated]]>
            </line>
          </reporter-output>
        </test-method> <!-- Screenshot -->
        <test-method signature="login_as_Z_Mumbai_andZ_Puri_accepting_all_requested_amenities()[pri:3, instance:com.sita.testcases.deligation_of_amenities_to_BO@7a1a14a4]" started-at="2022-02-16T10:30:07Z" name="login_as_Z_Mumbai_andZ_Puri_accepting_all_requested_amenities" finished-at="2022-02-16T10:30:40Z" duration-ms="32954" status="PASS">
          <reporter-output>
          </reporter-output>
        </test-method> <!-- login_as_Z_Mumbai_andZ_Puri_accepting_all_requested_amenities -->
        <test-method is-config="true" signature="Screenshot(org.testng.ITestResult)[pri:0, instance:com.sita.testcases.deligation_of_amenities_to_BO@7a1a14a4]" started-at="2022-02-16T10:30:40Z" name="Screenshot" finished-at="2022-02-16T10:30:40Z" duration-ms="0" status="PASS">
          <params>
            <param index="0">
              <value>
                <![CDATA[[TestResult name=login_as_Z_Mumbai_andZ_Puri_accepting_all_requested_amenities status=SUCCESS method=deligation_of_amenities_to_BO.login_as_Z_Mumbai_andZ_Puri_accepting_all_requested_amenities()[pri:3, instance:com.sita.testcases.deligation_of_amenities_to_BO@7a1a14a4] output={null}]]]>
              </value>
            </param>
          </params>
          <reporter-output>
            <line>
              <![CDATA[Test is about to end]]>
            </line>
            <line>
              <![CDATA[Test Completed >>> Reports Generated]]>
            </line>
          </reporter-output>
        </test-method> <!-- Screenshot -->
        <test-method is-config="true" signature="closeBrowser()[pri:0, instance:com.sita.testcases.deligation_of_amenities_to_BO@7a1a14a4]" started-at="2022-02-16T10:30:40Z" name="closeBrowser" finished-at="2022-02-16T10:30:41Z" duration-ms="749" status="PASS">
          <reporter-output>
          </reporter-output>
        </test-method> <!-- closeBrowser -->
      </class> <!-- com.sita.testcases.deligation_of_amenities_to_BO -->
    </test> <!-- Test -->
  </suite> <!-- Suite -->
</testng-results>
