<?xml version="1.0" encoding="UTF-8"?>
<!-- Generated by org.testng.reporters.JUnitXMLReporter -->
<testsuite ignored="0" hostname="DESKTOP-9HB5M8C" failures="0" tests="3" name="Default test" time="69.828" errors="0" timestamp="14 Feb 2022 08:54:06 GMT">
  <testcase classname="com.sita.testcases.deligation_of_amenities_to_Z_Mumbai" name="login_as_supervisor_and_assigning_fhe" time="13.934"/>
  <testcase classname="com.sita.testcases.deligation_of_amenities_to_Z_Mumbai" name="loginFHE_and_assigning_amenities_to_branches" time="15.643"/>
  <testcase classname="com.sita.testcases.deligation_of_amenities_to_Z_Mumbai" name="login_as_Z_Mumbai_andZ_Puri_accepting_all_requested_amenities" time="27.614"/>
</testsuite> <!-- Default test -->
